15:45:03.825 INFO [GridLauncherV3.parse] - Selenium server version: 3.141.59, revision: e82be7d358
15:45:03.896 INFO [GridLauncherV3.lambda$buildLaunchers$3] - Launching a standalone Selenium Server on port 4444
2020-04-28 15:45:03.952:INFO::main: Logging initialized @420ms to org.seleniumhq.jetty9.util.log.StdErrLog
15:45:04.203 INFO [WebDriverServlet.<init>] - Initialising WebDriverServlet
15:45:04.310 INFO [SeleniumServer.boot] - Selenium Server is up and running on port 4444
15:45:04.671 INFO [ActiveSessionFactory.apply] - Capabilities are: {
  "browserName": "chrome",
  "chromeOptions": {
    "w3c": false,
    "args": [
    ]
  },
  "name": "Test With Pageobjects"
}
15:45:04.674 INFO [ActiveSessionFactory.lambda$apply$11] - Matched factory org.openqa.selenium.grid.session.remote.ServicedSession$Factory (provider: org.openqa.selenium.chrome.ChromeDriverService)
Starting ChromeDriver 80.0.3987.16 (320f6526c1632ad4f205ebce69b99a062ed78647-refs/branch-heads/3987@{#185}) on port 38042
Only local connections are allowed.
Please protect ports used by ChromeDriver and related test frameworks to prevent access by malicious code.
[1588059906.076][WARNING]: This version of ChromeDriver has not been tested with Chrome version 81.
15:45:06.354 INFO [ActiveSessionFactory.apply] - Capabilities are: {
  "browserName": "chrome",
  "chromeOptions": {
    "w3c": false,
    "args": [
    ]
  },
  "name": "Test"
}
15:45:06.354 INFO [ActiveSessionFactory.lambda$apply$11] - Matched factory org.openqa.selenium.grid.session.remote.ServicedSession$Factory (provider: org.openqa.selenium.chrome.ChromeDriverService)
Starting ChromeDriver 80.0.3987.16 (320f6526c1632ad4f205ebce69b99a062ed78647-refs/branch-heads/3987@{#185}) on port 8457
Only local connections are allowed.
Please protect ports used by ChromeDriver and related test frameworks to prevent access by malicious code.
[1588059907.529][WARNING]: This version of ChromeDriver has not been tested with Chrome version 81.
